Arguments: 
  /home/jahan/.nvm/versions/node/v10.15.3/bin/node /home/jahan/.nvm/versions/node/v10.15.3/bin/yarn add --dev sassc node-sass

PATH: 
  /home/jahan/.nvm/versions/node/v10.15.3/bin:/home/jahan/.poetry/bin:/home/jahan/.local/bin:/home/jahan/.pyenv/plugins/pyenv-virtualenv/shims:/home/jahan/.pyenv/shims:/home/jahan/.pyenv/bin:/home/jahan/.pyenv/plugins/pyenv-virtualenv/shims:/home/jahan/.pyenv/shims:/home/jahan/.pyenv/bin:/home/jahan/.pyenv/plugins/pyenv-virtualenv/shims:/home/jahan/.pyenv/shims:/home/jahan/.pyenv/bin:/home/jahan/.poetry/bin:/home/jahan/.local/bin:/usr/local/sbin:/usr/local/bin:/usr/sbin:/usr/bin:/sbin:/bin:/usr/games:/usr/local/games:/snap/bin

Yarn version: 
  1.16.0

Node version: 
  10.15.3

Platform: 
  linux x64

Trace: 
  Error: https://registry.yarnpkg.com/sassc: Not found
      at Request.params.callback [as _callback] (/home/jahan/.nvm/versions/node/v10.15.3/lib/node_modules/yarn/lib/cli.js:66091:18)
      at Request.self.callback (/home/jahan/.nvm/versions/node/v10.15.3/lib/node_modules/yarn/lib/cli.js:129590:22)
      at Request.emit (events.js:189:13)
      at Request.<anonymous> (/home/jahan/.nvm/versions/node/v10.15.3/lib/node_modules/yarn/lib/cli.js:130562:10)
      at Request.emit (events.js:189:13)
      at IncomingMessage.<anonymous> (/home/jahan/.nvm/versions/node/v10.15.3/lib/node_modules/yarn/lib/cli.js:130484:12)
      at Object.onceWrapper (events.js:277:13)
      at IncomingMessage.emit (events.js:194:15)
      at endReadableNT (_stream_readable.js:1125:12)
      at process._tickCallback (internal/process/next_tick.js:63:19)

npm manifest: 
  {
    "name": "gridpaste",
    "version": "2.0.0"
  }

yarn manifest: 
  No manifest

Lockfile: 
  # THIS IS AN AUTOGENERATED FILE. DO NOT EDIT THIS FILE DIRECTLY.
  # yarn lockfile v1
